This is pdfTeX, Version 3.14159265-2.6-1.40.20 (MiKTeX 2.9.7140 64-bit) (preloaded format=pdflatex 2019.8.14)  20 FEB 2020 16:20
entering extended mode
**./relazioneProgetto.tex
(relazioneProgetto.tex
LaTeX2e <2018-12-01>
("C:\Users\danie\AppData\Local\Programs\MiKTeX 2.9\tex/latex/base\article.cls"
Document Class: article 2018/09/03 v1.4i Standard LaTeX document class
("C:\Users\danie\AppData\Local\Programs\MiKTeX 2.9\tex/latex/base\size11.clo"
File: size11.clo 2018/09/03 v1.4i Standard LaTeX file (size option)
)
\c@part=\count80
\c@section=\count81
\c@subsection=\count82
\c@subsubsection=\count83
\c@paragraph=\count84
\c@subparagraph=\count85
\c@figure=\count86
\c@table=\count87
\abovecaptionskip=\skip41
\belowcaptionskip=\skip42
\bibindent=\dimen102
) ("C:\Users\danie\AppData\Local\Programs\MiKTeX 2.9\tex/latex/base\inputenc.st
y"
Package: inputenc 2018/08/11 v1.3c Input encoding file
\inpenc@prehook=\toks14
\inpenc@posthook=\toks15
)
("C:\Users\danie\AppData\Local\Programs\MiKTeX 2.9\tex/latex/amsmath\amsmath.st
y"
Package: amsmath 2018/12/01 v2.17b AMS math features
\@mathmargin=\skip43

For additional information on amsmath, use the `?' option.

("C:\Users\danie\AppData\Local\Programs\MiKTeX 2.9\tex/latex/amsmath\amstext.st
y"
Package: amstext 2000/06/29 v2.01 AMS text

("C:\Users\danie\AppData\Local\Programs\MiKTeX 2.9\tex/latex/amsmath\amsgen.sty
"
File: amsgen.sty 1999/11/30 v2.0 generic functions
\@emptytoks=\toks16
\ex@=\dimen103
))
("C:\Users\danie\AppData\Local\Programs\MiKTeX 2.9\tex/latex/amsmath\amsbsy.sty
"
Package: amsbsy 1999/11/29 v1.2d Bold Symbols
\pmbraise@=\dimen104
)
("C:\Users\danie\AppData\Local\Programs\MiKTeX 2.9\tex/latex/amsmath\amsopn.sty
"
Package: amsopn 2016/03/08 v2.02 operator names
)
\inf@bad=\count88
LaTeX Info: Redefining \frac on input line 223.
\uproot@=\count89
\leftroot@=\count90
LaTeX Info: Redefining \overline on input line 385.
\classnum@=\count91
\DOTSCASE@=\count92
LaTeX Info: Redefining \ldots on input line 482.
LaTeX Info: Redefining \dots on input line 485.
LaTeX Info: Redefining \cdots on input line 606.
\Mathstrutbox@=\box27
\strutbox@=\box28
\big@size=\dimen105
LaTeX Font Info:    Redeclaring font encoding OML on input line 729.
LaTeX Font Info:    Redeclaring font encoding OMS on input line 730.
\macc@depth=\count93
\c@MaxMatrixCols=\count94
\dotsspace@=\muskip10
\c@parentequation=\count95
\dspbrk@lvl=\count96
\tag@help=\toks17
\row@=\count97
\column@=\count98
\maxfields@=\count99
\andhelp@=\toks18
\eqnshift@=\dimen106
\alignsep@=\dimen107
\tagshift@=\dimen108
\tagwidth@=\dimen109
\totwidth@=\dimen110
\lineht@=\dimen111
\@envbody=\toks19
\multlinegap=\skip44
\multlinetaggap=\skip45
\mathdisplay@stack=\toks20
LaTeX Info: Redefining \[ on input line 2844.
LaTeX Info: Redefining \] on input line 2845.
)
("C:\Users\danie\AppData\Local\Programs\MiKTeX 2.9\tex/latex/amsfonts\amsfonts.
sty"
Package: amsfonts 2013/01/14 v3.01 Basic AMSFonts support
\symAMSa=\mathgroup4
\symAMSb=\mathgroup5
LaTeX Font Info:    Overwriting math alphabet `\mathfrak' in version `bold'
(Font)                  U/euf/m/n --> U/euf/b/n on input line 106.
)
("C:\Users\danie\AppData\Local\Programs\MiKTeX 2.9\tex/latex/amsfonts\amssymb.s
ty"
Package: amssymb 2013/01/14 v3.01 AMS font symbols
)
("C:\Users\danie\AppData\Local\Programs\MiKTeX 2.9\tex/latex/pdfpages\pdfpages.
sty"
Package: pdfpages 2019/09/21 v0.5n Insert pages of external PDF documents (AM)

("C:\Users\danie\AppData\Local\Programs\MiKTeX 2.9\tex/latex/base\ifthen.sty"
Package: ifthen 2014/09/29 v1.1c Standard LaTeX ifthen package (DPC)
)
("C:\Users\danie\AppData\Local\Programs\MiKTeX 2.9\tex/latex/tools\calc.sty"
Package: calc 2017/05/25 v4.3 Infix arithmetic (KKT,FJ)
\calc@Acount=\count100
\calc@Bcount=\count101
\calc@Adimen=\dimen112
\calc@Bdimen=\dimen113
\calc@Askip=\skip46
\calc@Bskip=\skip47
LaTeX Info: Redefining \setlength on input line 80.
LaTeX Info: Redefining \addtolength on input line 81.
\calc@Ccount=\count102
\calc@Cskip=\skip48
)
("C:\Users\danie\AppData\Local\Programs\MiKTeX 2.9\tex/latex/eso-pic\eso-pic.st
y"
Package: eso-pic 2018/04/12 v2.0h eso-pic (RN)

("C:\Users\danie\AppData\Local\Programs\MiKTeX 2.9\tex/generic/oberdiek\atbegsh
i.sty"
Package: atbegshi 2016/06/09 v1.18 At begin shipout hook (HO)

("C:\Users\danie\AppData\Local\Programs\MiKTeX 2.9\tex/generic/oberdiek\infware
rr.sty"
Package: infwarerr 2016/05/16 v1.4 Providing info/warning/error messages (HO)
)
("C:\Users\danie\AppData\Local\Programs\MiKTeX 2.9\tex/generic/oberdiek\ltxcmds
.sty"
Package: ltxcmds 2016/05/16 v1.23 LaTeX kernel commands for general use (HO)
)
("C:\Users\danie\AppData\Local\Programs\MiKTeX 2.9\tex/generic/oberdiek\ifpdf.s
ty"
Package: ifpdf 2018/09/07 v3.3 Provides the ifpdf switch
))
("C:\Users\danie\AppData\Local\Programs\MiKTeX 2.9\tex/latex/graphics\keyval.st
y"
Package: keyval 2014/10/28 v1.15 key=value parser (DPC)
\KV@toks@=\toks21
)
("C:\Users\danie\AppData\Local\Programs\MiKTeX 2.9\tex/latex/xcolor\xcolor.sty"
Package: xcolor 2016/05/11 v2.12 LaTeX color extensions (UK)

("C:\Users\danie\AppData\Local\Programs\MiKTeX 2.9\tex/latex/graphics-cfg\color
.cfg"
File: color.cfg 2016/01/02 v1.6 sample color configuration
)
Package xcolor Info: Driver file: pdftex.def on input line 225.

("C:\Users\danie\AppData\Local\Programs\MiKTeX 2.9\tex/latex/graphics-def\pdfte
x.def"
File: pdftex.def 2018/01/08 v1.0l Graphics/color driver for pdftex
)
Package xcolor Info: Model `cmy' substituted by `cmy0' on input line 1348.
Package xcolor Info: Model `hsb' substituted by `rgb' on input line 1352.
Package xcolor Info: Model `RGB' extended on input line 1364.
Package xcolor Info: Model `HTML' substituted by `rgb' on input line 1366.
Package xcolor Info: Model `Hsb' substituted by `hsb' on input line 1367.
Package xcolor Info: Model `tHsb' substituted by `hsb' on input line 1368.
Package xcolor Info: Model `HSB' substituted by `hsb' on input line 1369.
Package xcolor Info: Model `Gray' substituted by `gray' on input line 1370.
Package xcolor Info: Model `wave' substituted by `hsb' on input line 1371.
))
("C:\Users\danie\AppData\Local\Programs\MiKTeX 2.9\tex/latex/graphics\graphicx.
sty"
Package: graphicx 2017/06/01 v1.1a Enhanced LaTeX Graphics (DPC,SPQR)

("C:\Users\danie\AppData\Local\Programs\MiKTeX 2.9\tex/latex/graphics\graphics.
sty"
Package: graphics 2017/06/25 v1.2c Standard LaTeX Graphics (DPC,SPQR)

("C:\Users\danie\AppData\Local\Programs\MiKTeX 2.9\tex/latex/graphics\trig.sty"
Package: trig 2016/01/03 v1.10 sin cos tan (DPC)
)
("C:\Users\danie\AppData\Local\Programs\MiKTeX 2.9\tex/latex/graphics-cfg\graph
ics.cfg"
File: graphics.cfg 2016/06/04 v1.11 sample graphics configuration
)
Package graphics Info: Driver file: pdftex.def on input line 99.
)
\Gin@req@height=\dimen114
\Gin@req@width=\dimen115
)
\AM@pagewidth=\dimen116
\AM@pageheight=\dimen117

("C:\Users\danie\AppData\Local\Programs\MiKTeX 2.9\tex/latex/pdfpages\pppdftex.
def"
File: pppdftex.def 2019/09/21 v0.5n Pdfpages driver for pdfTeX (AM)
)
\AM@pagebox=\box29
\AM@global@opts=\toks22
\AM@toc@title=\toks23
\c@AM@survey=\count103
\AM@templatesizebox=\box30
) (relazioneProgetto.aux)
\openout1 = `relazioneProgetto.aux'.

LaTeX Font Info:    Checking defaults for OML/cmm/m/it on input line 9.
LaTeX Font Info:    ... okay on input line 9.
LaTeX Font Info:    Checking defaults for T1/cmr/m/n on input line 9.
LaTeX Font Info:    ... okay on input line 9.
LaTeX Font Info:    Checking defaults for OT1/cmr/m/n on input line 9.
LaTeX Font Info:    ... okay on input line 9.
LaTeX Font Info:    Checking defaults for OMS/cmsy/m/n on input line 9.
LaTeX Font Info:    ... okay on input line 9.
LaTeX Font Info:    Checking defaults for OMX/cmex/m/n on input line 9.
LaTeX Font Info:    ... okay on input line 9.
LaTeX Font Info:    Checking defaults for U/cmr/m/n on input line 9.
LaTeX Font Info:    ... okay on input line 9.
\AtBeginShipoutBox=\box31

("C:\Users\danie\AppData\Local\Programs\MiKTeX 2.9\tex/context/base/mkii\supp-p
df.mkii"
[Loading MPS to PDF converter (version 2006.09.02).]
\scratchcounter=\count104
\scratchdimen=\dimen118
\scratchbox=\box32
\nofMPsegments=\count105
\nofMParguments=\count106
\everyMPshowfont=\toks24
\MPscratchCnt=\count107
\MPscratchDim=\dimen119
\MPnumerator=\count108
\makeMPintoPDFobject=\count109
\everyMPtoPDFconversion=\toks25
)
("C:\Users\danie\AppData\Local\Programs\MiKTeX 2.9\tex/latex/oberdiek\epstopdf-
base.sty"
Package: epstopdf-base 2016/05/15 v2.6 Base part for package epstopdf

("C:\Users\danie\AppData\Local\Programs\MiKTeX 2.9\tex/latex/oberdiek\grfext.st
y"
Package: grfext 2016/05/16 v1.2 Manage graphics extensions (HO)

("C:\Users\danie\AppData\Local\Programs\MiKTeX 2.9\tex/generic/oberdiek\kvdefin
ekeys.sty"
Package: kvdefinekeys 2016/05/16 v1.4 Define keys (HO)
))
("C:\Users\danie\AppData\Local\Programs\MiKTeX 2.9\tex/latex/oberdiek\kvoptions
.sty"
Package: kvoptions 2016/05/16 v3.12 Key value format for package options (HO)

("C:\Users\danie\AppData\Local\Programs\MiKTeX 2.9\tex/generic/oberdiek\kvsetke
ys.sty"
Package: kvsetkeys 2016/05/16 v1.17 Key value parser (HO)

("C:\Users\danie\AppData\Local\Programs\MiKTeX 2.9\tex/generic/oberdiek\etexcmd
s.sty"
Package: etexcmds 2016/05/16 v1.6 Avoid name clashes with e-TeX commands (HO)

("C:\Users\danie\AppData\Local\Programs\MiKTeX 2.9\tex/generic/oberdiek\ifluate
x.sty"
Package: ifluatex 2016/05/16 v1.4 Provides the ifluatex switch (HO)
Package ifluatex Info: LuaTeX not detected.
))))
("C:\Users\danie\AppData\Local\Programs\MiKTeX 2.9\tex/generic/oberdiek\pdftexc
mds.sty"
Package: pdftexcmds 2019/07/25 v0.30 Utility functions of pdfTeX for LuaTeX (HO
)
Package pdftexcmds Info: LuaTeX not detected.
Package pdftexcmds Info: \pdf@primitive is available.
Package pdftexcmds Info: \pdf@ifprimitive is available.
Package pdftexcmds Info: \pdfdraftmode found.
)
Package epstopdf-base Info: Redefining graphics rule for `.eps' on input line 4
38.
Package grfext Info: Graphics extension search list:
(grfext)             [.pdf,.png,.jpg,.mps,.jpeg,.jbig2,.jb2,.PDF,.PNG,.JPG,.JPE
G,.JBIG2,.JB2,.eps]
(grfext)             \AppendGraphicsExtensions on input line 456.
)
("C:\Users\danie\AppData\Local\Programs\MiKTeX 2.9\tex/latex/oberdiek\pdflscape
.sty"
Package: pdflscape 2016/05/14 v0.11 Display of landscape pages in PDF (HO)

("C:\Users\danie\AppData\Local\Programs\MiKTeX 2.9\tex/latex/graphics\lscape.st
y"
Package: lscape 2000/10/22 v3.01 Landscape Pages (DPC)
)
Package pdflscape Info: Auto-detected driver: pdftex on input line 81.

("C:\Users\danie\AppData\Local\Programs\MiKTeX 2.9\tex/generic/ifxetex\ifxetex.
sty"
Package: ifxetex 2010/09/12 v0.6 Provides ifxetex conditional
)) [1

{C:/Users/danie/AppData/Local/MiKTeX/2.9/pdftex/config/pdftex.map}]
LaTeX Font Info:    Try loading font information for OMS+cmr on input line 42.

("C:\Users\danie\AppData\Local\Programs\MiKTeX 2.9\tex/latex/base\omscmr.fd"
File: omscmr.fd 2014/09/29 v2.5h Standard LaTeX font definitions
)
LaTeX Font Info:    Font shape `OMS/cmr/m/n' in size <10.95> not available
(Font)              Font shape `OMS/cmsy/m/n' tried instead on input line 42.

[1] [2]
<./Img/UseCaseFinal.jpg, id=15, 776.9025pt x 683.55376pt>
File: ./Img/UseCaseFinal.jpg Graphic file (type jpg)
<use ./Img/UseCaseFinal.jpg>
Package pdftex.def Info: ./Img/UseCaseFinal.jpg  used on input line 85.
(pdftex.def)             Requested size: 543.82803pt x 478.48438pt.

Overfull \hbox (72.45035pt too wide) in paragraph at lines 84--86
|  [] 
 []

[3]
<./Img/ADFerrarelli.jpg, id=19, 1015.1526pt x 800.2698pt>
File: ./Img/ADFerrarelli.jpg Graphic file (type jpg)
<use ./Img/ADFerrarelli.jpg>
Package pdftex.def Info: ./Img/ADFerrarelli.jpg  used on input line 88.
(pdftex.def)             Requested size: 406.05385pt x 320.10225pt.

Overfull \hbox (46.05385pt too wide) in paragraph at lines 88--89
[] 
 []

[4 <./Img/UseCaseFinal.jpg>]
<./Img/AD1Ferri.jpg, id=23, 1659.19875pt x 2345.76375pt>
File: ./Img/AD1Ferri.jpg Graphic file (type jpg)
<use ./Img/AD1Ferri.jpg>
Package pdftex.def Info: ./Img/AD1Ferri.jpg  used on input line 91.
(pdftex.def)             Requested size: 331.83388pt x 469.14444pt.
 [5 <./Img/ADFerrarelli.jpg>]
<./Img/AD2Ferri.jpg, id=27, 2345.76375pt x 1659.19875pt>
File: ./Img/AD2Ferri.jpg Graphic file (type jpg)
<use ./Img/AD2Ferri.jpg>
Package pdftex.def Info: ./Img/AD2Ferri.jpg  used on input line 93.
(pdftex.def)             Requested size: 469.14444pt x 331.83388pt.

Overfull \hbox (109.14444pt too wide) in paragraph at lines 93--94
[] 
 []

[6 <./Img/AD1Ferri.jpg>]
<./Img/ADValeriani.jpg, id=32, 717.1593pt x 660.3069pt>
File: ./Img/ADValeriani.jpg Graphic file (type jpg)
<use ./Img/ADValeriani.jpg>
Package pdftex.def Info: ./Img/ADValeriani.jpg  used on input line 95.
(pdftex.def)             Requested size: 286.85863pt x 264.11807pt.
 [7 <./Img/AD2Ferri.jpg>]
<./Img/SQFerrarelli.jpg, id=36, 1051.0467pt x 484.9317pt>
File: ./Img/SQFerrarelli.jpg Graphic file (type jpg)
<use ./Img/SQFerrarelli.jpg>
Package pdftex.def Info: ./Img/SQFerrarelli.jpg  used on input line 99.
(pdftex.def)             Requested size: 420.41124pt x 193.96924pt.

Overfull \hbox (60.41124pt too wide) in paragraph at lines 99--100
[] 
 []

<./Img/SQFerri.jpg, id=37, 3073.4825pt x 2933.96124pt>
File: ./Img/SQFerri.jpg Graphic file (type jpg)
<use ./Img/SQFerri.jpg>
Package pdftex.def Info: ./Img/SQFerri.jpg  used on input line 101.
(pdftex.def)             Requested size: 461.00249pt x 440.0752pt.

Overfull \hbox (101.00249pt too wide) in paragraph at lines 101--102
[] 
 []

[8 <./Img/ADValeriani.jpg> <./Img/SQFerrarelli.jpg>]
<./Img/SQValeriani.jpg, id=41, 3166.83125pt x 1129.21875pt>
File: ./Img/SQValeriani.jpg Graphic file (type jpg)
<use ./Img/SQValeriani.jpg>
Package pdftex.def Info: ./Img/SQValeriani.jpg  used on input line 103.
(pdftex.def)             Requested size: 443.35336pt x 158.08954pt.

Overfull \hbox (83.35336pt too wide) in paragraph at lines 103--104
[] 
 []

[9 <./Img/SQFerri.jpg>]
<./Img/SDFerrarelli.jpg, id=45, 1097.5404pt x 831.105pt>
File: ./Img/SDFerrarelli.jpg Graphic file (type jpg)
<use ./Img/SDFerrarelli.jpg>
Package pdftex.def Info: ./Img/SDFerrarelli.jpg  used on input line 106.
(pdftex.def)             Requested size: 439.00839pt x 332.43611pt.

Overfull \hbox (79.00839pt too wide) in paragraph at lines 106--107
[] 
 []

<./Img/SDFerri.jpg, id=46, 2347.77126pt x 1662.21pt>
File: ./Img/SDFerri.jpg Graphic file (type jpg)
<use ./Img/SDFerri.jpg>
Package pdftex.def Info: ./Img/SDFerri.jpg  used on input line 108.
(pdftex.def)             Requested size: 469.54594pt x 332.43611pt.

Overfull \hbox (109.54594pt too wide) in paragraph at lines 108--109
[] 
 []

[10 <./Img/SQValeriani.jpg> <./Img/SDFerrarelli.jpg>]
<./Img/SDValeriani.jpg, id=50, 1045.7469pt x 227.4096pt>
File: ./Img/SDValeriani.jpg Graphic file (type jpg)
<use ./Img/SDValeriani.jpg>
Package pdftex.def Info: ./Img/SDValeriani.jpg  used on input line 110.
(pdftex.def)             Requested size: 418.29135pt x 90.96222pt.

Overfull \hbox (58.29135pt too wide) in paragraph at lines 110--111
[] 
 []


Overfull \hbox (7.79358pt too wide) in paragraph at lines 112--113
 \OT1/cmr/bx/n/10.95 Sonar-Cloud link[] \OT1/cmr/m/n/10.95 https://sonarcloud.i
o/dashboard?id=ferra-rally[]concert-
 []

[11 <./Img/SDFerri.jpg> <./Img/SDValeriani.jpg>] (relazioneProgetto.aux) ) 
Here is how much of TeX's memory you used:
 3692 strings out of 492895
 52870 string characters out of 3123735
 124142 words of memory out of 3000000
 7547 multiletter control sequences out of 15000+200000
 5715 words of font info for 21 fonts, out of 3000000 for 9000
 1141 hyphenation exceptions out of 8191
 41i,6n,39p,382b,187s stack positions out of 5000i,500n,10000p,200000b,50000s
<C:/U
sers/danie/AppData/Local/Programs/MiKTeX 2.9/fonts/type1/public/amsfonts/cm/cmb
x10.pfb><C:/Users/danie/AppData/Local/Programs/MiKTeX 2.9/fonts/type1/public/am
sfonts/cm/cmbx12.pfb><C:/Users/danie/AppData/Local/Programs/MiKTeX 2.9/fonts/ty
pe1/public/amsfonts/cm/cmr10.pfb><C:/Users/danie/AppData/Local/Programs/MiKTeX 
2.9/fonts/type1/public/amsfonts/cm/cmsy10.pfb>
Output written on relazioneProgetto.pdf (12 pages, 2422176 bytes).
PDF statistics:
 68 PDF objects out of 1000 (max. 8388607)
 0 named destinations out of 1000 (max. 500000)
 56 words of extra memory for PDF output out of 10000 (max. 10000000)

